<?xml version="1.0" encoding="utf-8"?>
<root>
  <test>
    <p>Other test text.</p>
  </test>
  <child>
    <subchild attr="other_test_attribute"/>
    <subchild>Child test text.</subchild>
  </child>
</root>